<?xml version="1.0" encoding="UTF-8" ?>
<testsuite tests="55" failures="0" name="runner.TestRunner" time="24.937" errors="0" skipped="0">
  <properties>
    <property name="java.runtime.name" value="Java(TM) SE Runtime Environment"/>
    <property name="java.vm.version" value="17.0.8+9-LTS-211"/>
    <property name="sun.boot.library.path" value="C:\Program Files\Java\jdk-17\bin"/>
    <property name="maven.multiModuleProjectDirectory" value="C:\Users\Ben\.jenkins\workspace\UIAutomate_CapstoneProject"/>
    <property name="java.vm.vendor" value="Oracle Corporation"/>
    <property name="java.vendor.url" value="https://java.oracle.com/"/>
    <property name="guice.disable.misplaced.annotation.check" value="true"/>
    <property name="path.separator" value=";"/>
    <property name="java.vm.name" value="Java HotSpot(TM) 64-Bit Server VM"/>
    <property name="sun.os.patch.level" value=""/>
    <property name="user.script" value=""/>
    <property name="user.country" value="US"/>
    <property name="sun.java.launcher" value="SUN_STANDARD"/>
    <property name="java.vm.specification.name" value="Java Virtual Machine Specification"/>
    <property name="user.dir" value="C:\Users\Ben\.jenkins\workspace\UIAutomate_CapstoneProject"/>
    <property name="java.vm.compressedOopsMode" value="Zero based"/>
    <property name="java.runtime.version" value="17.0.8+9-LTS-211"/>
    <property name="os.arch" value="amd64"/>
    <property name="java.io.tmpdir" value="C:\Users\Ben\AppData\Local\Temp\"/>
    <property name="line.separator" value="
"/>
    <property name="java.vm.specification.vendor" value="Oracle Corporation"/>
    <property name="user.variant" value=""/>
    <property name="os.name" value="Windows 10"/>
    <property name="classworlds.conf" value="C:\Users\Ben\Downloads\Maven\apache-maven-3.8.8\bin\m2.conf"/>
    <property name="sun.jnu.encoding" value="Cp1252"/>
    <property name="java.library.path" value="C:\Program Files\Java\jdk-17\bin;C:\WINDOWS\Sun\Java\bin;C:\WINDOWS\system32;C:\WINDOWS;C:\Users\Ben\Downloads\Maven\apache-maven-3.8.8/bin;C:\WINDOWS\system32;C:\WINDOWS;C:\WINDOWS\System32\Wbem;C:\WINDOWS\System32\WindowsPowerShell\v1.0\;C:\WINDOWS\System32\OpenSSH\;C:\Program Files (x86)\dotnet\;C:\Users\Ben\AppData\Local\Android\Sdk\platform-tools;C:\Users\Ben\AppData\Local\Android\Sdk\platforms;C:\Users\Ben\Downloads\Maven\apache-maven-3.8.8\bin;C:\Program Files\Git\cmd;C:\Program Files\Java\jdk-17\bin;C:\Users\Ben\AppData\Local\Microsoft\WindowsApps;."/>
    <property name="maven.conf" value="C:\Users\Ben\Downloads\Maven\apache-maven-3.8.8/conf"/>
    <property name="jdk.debug" value="release"/>
    <property name="java.class.version" value="61.0"/>
    <property name="java.specification.name" value="Java Platform API Specification"/>
    <property name="sun.management.compiler" value="HotSpot 64-Bit Tiered Compilers"/>
    <property name="os.version" value="10.0"/>
    <property name="library.jansi.path" value="C:\Users\Ben\Downloads\Maven\apache-maven-3.8.8\lib\jansi-native"/>
    <property name="user.home" value="C:\Users\Ben"/>
    <property name="user.timezone" value="Asia/Calcutta"/>
    <property name="file.encoding" value="Cp1252"/>
    <property name="java.specification.version" value="17"/>
    <property name="user.name" value="Ben"/>
    <property name="java.class.path" value="C:\Users\Ben\Downloads\Maven\apache-maven-3.8.8\boot\plexus-classworlds-2.6.0.jar"/>
    <property name="java.vm.specification.version" value="17"/>
    <property name="sun.arch.data.model" value="64"/>
    <property name="sun.java.command" value="org.codehaus.plexus.classworlds.launcher.Launcher -f C:\Users\Ben\eclipse-workspace\UIStandalone\UIStandalone\pom.xml clean test"/>
    <property name="java.home" value="C:\Program Files\Java\jdk-17"/>
    <property name="user.language" value="en"/>
    <property name="java.specification.vendor" value="Oracle Corporation"/>
    <property name="java.vm.info" value="mixed mode, sharing"/>
    <property name="java.version" value="17.0.8"/>
    <property name="native.encoding" value="Cp1252"/>
    <property name="java.vendor" value="Oracle Corporation"/>
    <property name="maven.home" value="C:\Users\Ben\Downloads\Maven\apache-maven-3.8.8"/>
    <property name="file.separator" value="\"/>
    <property name="java.version.date" value="2023-07-18"/>
    <property name="java.vendor.url.bug" value="https://bugreport.java.com/bugreport/"/>
    <property name="sun.io.unicode.encoding" value="UnicodeLittle"/>
    <property name="sun.cpu.endian" value="little"/>
    <property name="sun.cpu.isalist" value="amd64"/>
  </properties>
  <testcase classname="SignUp on Flyaway website" name="I have launched the Flyaway application" time="3.148"/>
  <testcase classname="SignUp on Flyaway website" name="I click on Login" time="0.137"/>
  <testcase classname="SignUp on Flyaway website" name="I click on Signup" time="0.07"/>
  <testcase classname="SignUp on Flyaway website" name="I enter email as &quot;john2@doe.com&quot;" time="0.035"/>
  <testcase classname="SignUp on Flyaway website" name="I enter password and confirm password as &quot;aaaaaa&quot;" time="0.032"/>
  <testcase classname="SignUp on Flyaway website" name="I enter name as &quot;name&quot;" time="0.016"/>
  <testcase classname="SignUp on Flyaway website" name="I enter address as &quot;address&quot;" time="0.014"/>
  <testcase classname="SignUp on Flyaway website" name="I enter city as &quot;city&quot;" time="0.015"/>
  <testcase classname="SignUp on Flyaway website" name="I click on Signup button" time="0.083"/>
  <testcase classname="SignUp on Flyaway website" name="I should get the user successfully registered" time="0.031"/>
  <testcase classname="SignUp on Flyaway website" name="SignUp on Flyaway website" time="1.117"/>
  <testcase classname="Login on Flyaway website" name="I have launched the Flyaway application" time="3.16"/>
  <testcase classname="Login on Flyaway website" name="I click on Login on the Home page" time="0.112"/>
  <testcase classname="Login on Flyaway website" name="I enter email as &quot;john2@doe.com&quot; on the Login page" time="0.03"/>
  <testcase classname="Login on Flyaway website" name="I enter password as &quot;aaaaaa&quot; on the Login page" time="0.016"/>
  <testcase classname="Login on Flyaway website" name="I click on Login button on the Login page" time="0.07"/>
  <testcase classname="Login on Flyaway website" name="I should be able to login successfully" time="0.055"/>
  <testcase classname="Login on Flyaway website" name="Login on Flyaway website" time="1.009"/>
  <testcase classname="Flight search on Flyaway website" name="I have launched the Flyaway application" time="3.151"/>
  <testcase classname="Flight search on Flyaway website" name="I click on Login on the Home page" time="0.111"/>
  <testcase classname="Flight search on Flyaway website" name="I enter email as &quot;john2@doe.com&quot; on the Login page" time="0.039"/>
  <testcase classname="Flight search on Flyaway website" name="I enter password as &quot;aaaaaa&quot; on the Login page" time="0.016"/>
  <testcase classname="Flight search on Flyaway website" name="I click on Login button on the Login page" time="0.073"/>
  <testcase classname="Flight search on Flyaway website" name="I click on Home page link" time="0.061"/>
  <testcase classname="Flight search on Flyaway website" name="I select &quot;Bangalore&quot; to &quot;Hyderabad&quot; as the source &amp; desitnation" time="0.546"/>
  <testcase classname="Flight search on Flyaway website" name="I click on Submit" time="0.074"/>
  <testcase classname="Flight search on Flyaway website" name="I confirm that the flight exists for booking" time="0.057"/>
  <testcase classname="Flight search on Flyaway website" name="I click on the Book Flight button" time="0.064"/>
  <testcase classname="Flight search on Flyaway website" name="I confirm whether the flight ID is the same in the Book Flight link and the database" time="0.009"/>
  <testcase classname="Flight search on Flyaway website" name="Flight search on Flyaway website" time="0.982"/>
  <testcase classname="Flight booking on Flyaway website" name="I have launched the Flyaway application" time="3.15"/>
  <testcase classname="Flight booking on Flyaway website" name="I click on Login on the Home page" time="0.102"/>
  <testcase classname="Flight booking on Flyaway website" name="I enter email as &quot;john2@doe.com&quot; on the Login page" time="0.032"/>
  <testcase classname="Flight booking on Flyaway website" name="I enter password as &quot;aaaaaa&quot; on the Login page" time="0.016"/>
  <testcase classname="Flight booking on Flyaway website" name="I click on Login button on the Login page" time="0.065"/>
  <testcase classname="Flight booking on Flyaway website" name="I click on Home page link" time="0.062"/>
  <testcase classname="Flight booking on Flyaway website" name="I select &quot;Bangalore&quot; to &quot;Hyderabad&quot; as the source &amp; desitnation" time="0.552"/>
  <testcase classname="Flight booking on Flyaway website" name="I click on Submit" time="0.099"/>
  <testcase classname="Flight booking on Flyaway website" name="I confirm that the flight exists for booking" time="0.064"/>
  <testcase classname="Flight booking on Flyaway website" name="I click on the Book Flight button" time="0.057"/>
  <testcase classname="Flight booking on Flyaway website" name="I confirm my booking after checking the source and desitnation in the flight details" time="0.027"/>
  <testcase classname="Flight booking on Flyaway website" name="Flight booking on Flyaway website" time="0.98"/>
  <testcase classname="Flight booking confirmation on Flyaway website" name="I have launched the Flyaway application" time="3.147"/>
  <testcase classname="Flight booking confirmation on Flyaway website" name="I click on Login on the Home page" time="0.094"/>
  <testcase classname="Flight booking confirmation on Flyaway website" name="I enter email as &quot;john2@doe.com&quot; on the Login page" time="0.028"/>
  <testcase classname="Flight booking confirmation on Flyaway website" name="I enter password as &quot;aaaaaa&quot; on the Login page" time="0.016"/>
  <testcase classname="Flight booking confirmation on Flyaway website" name="I click on Login button on the Login page" time="0.074"/>
  <testcase classname="Flight booking confirmation on Flyaway website" name="I click on Home page link" time="0.068"/>
  <testcase classname="Flight booking confirmation on Flyaway website" name="I select &quot;Bangalore&quot; to &quot;Hyderabad&quot; as the source &amp; desitnation" time="0.562"/>
  <testcase classname="Flight booking confirmation on Flyaway website" name="I click on Submit" time="0.072"/>
  <testcase classname="Flight booking confirmation on Flyaway website" name="I confirm that the flight exists for booking" time="0.052"/>
  <testcase classname="Flight booking confirmation on Flyaway website" name="I click on the Book Flight button" time="0.054"/>
  <testcase classname="Flight booking confirmation on Flyaway website" name="I click on the Click to complete booking link" time="0.07"/>
  <testcase classname="Flight booking confirmation on Flyaway website" name="I confirm my booking after landing on the final verification page" time="0.036"/>
  <testcase classname="Flight booking confirmation on Flyaway website" name="Flight booking confirmation on Flyaway website" time="1.125"/>
</testsuite>